INFO:root:Count: 4000, Duplicated: 0, Tot packages: 3708, Complete rows: 528, Missing GitHub urls: 955
INFO:root:Empty cells: [0, 0, 955, 1015, 983, 1496, 2333, 1324, 1167, 1313, 1370, 1203, 2392, 2415, 96, 130, 1063, 311]
INFO:root:First package: urllib3
INFO:root:Last package: django-partial-index
INFO:root:-------------------------------------------------------------------------------------------------------------
INFO:root:Count: 4000, Duplicated: 292, Tot packages: 3708, Complete rows: 528, Missing GitHub urls: 955
INFO:root:Empty cells: [0, 0, 955, 1015, 983, 1496, 2333, 1324, 1167, 1313, 1370, 1203, 2392, 2415, 96, 130, 1063, 311]
INFO:root:First package: urllib3
INFO:root:Last package: django-partial-index
INFO:root:-------------------------------------------------------------------------------------------------------------
INFO:root:Count: 3708, Duplicated: 0, Tot packages: 3708, Complete rows: 529, Missing GitHub urls: 955
INFO:root:Empty cells: [0, 0, 955, 1015, 983, 1496, 2333, 1324, 1167, 1313, 1313, 1203, 2392, 2415, 96, 130, 1063, 311]
INFO:root:First package: urllib3
INFO:root:Last package: django-partial-index
INFO:root:-------------------------------------------------------------------------------------------------------------
INFO:root:Count: 4000, Duplicated: 292, Tot packages: 3708, Complete rows: 1085, Missing GitHub urls: 955
INFO:root:Empty cells: [0, 0, 955, 1015, 983, 1496, 2333, 0, 0, 1313, 1370, 1203, 0, 0, 96, 0, 0, 0]
INFO:root:First package: urllib3
INFO:root:Last package: django-partial-index
INFO:root:-------------------------------------------------------------------------------------------------------------
INFO:root:Count: 4000, Duplicated: 292, Tot packages: 3708, Complete rows: 652, Missing GitHub urls: 955
INFO:root:Empty cells: [0, 0, 955, 1015, 983, 1496, 2333, 1046, 1044, 1313, 1370, 1203, 2392, 2392, 96, 97, 97, 96]
INFO:root:First package: urllib3
INFO:root:Last package: django-partial-index
INFO:root:-------------------------------------------------------------------------------------------------------------
INFO:root:Count: 4000, Duplicated: 292, Tot packages: 3708, Complete rows: 654, Missing GitHub urls: 955
INFO:root:Empty cells: [0, 0, 955, 977, 983, 1496, 2333, 1046, 1044, 1313, 1370, 1203, 2392, 2392, 96, 97, 97, 96]
INFO:root:First package: urllib3
INFO:root:Last package: django-partial-index
INFO:root:-------------------------------------------------------------------------------------------------------------
INFO:root:Count: 4000, Duplicated: 292, Tot packages: 3708, Complete rows: 2753, Missing GitHub urls: 955
INFO:root:Empty cells: [0, 0, 955, 955, 955, 955, 955, 955, 955, 955, 0, 955, 955, 955, 95, 95, 95, 95]
INFO:root:First package: urllib3
INFO:root:Last package: django-partial-index
INFO:root:-------------------------------------------------------------------------------------------------------------
INFO:root:Count: 4000, Duplicated: 292, Tot packages: 3708, Complete rows: 658, Missing GitHub urls: 955
INFO:root:Empty cells: [0, 0, 955, 977, 955, 1496, 2333, 1046, 1044, 1313, 358, 1203, 2392, 2392, 96, 97, 97, 96]
INFO:root:First package: urllib3
INFO:root:Last package: django-partial-index
INFO:root:-------------------------------------------------------------------------------------------------------------
INFO:root:Count: 4000, Duplicated: 292, Tot packages: 3708, Complete rows: 658, Missing GitHub urls: 955
INFO:root:Empty cells: [0, 0, 955, 977, 955, 1496, 2333, 1046, 1044, 1313, 1313, 1203, 2392, 2392, 96, 97, 97, 96]
INFO:root:First package: urllib3
INFO:root:Last package: django-partial-index
INFO:root:-------------------------------------------------------------------------------------------------------------
INFO:root:Count: 4000, Duplicated: 292, Tot packages: 3708, Complete rows: 655, Missing GitHub urls: 955
INFO:root:Empty cells: [0, 0, 955, 977, 983, 1496, 2333, 1046, 1044, 1313, 1313, 1203, 2392, 2392, 96, 97, 97, 96]
INFO:root:First package: urllib3
INFO:root:Last package: django-partial-index
INFO:root:-------------------------------------------------------------------------------------------------------------
INFO:root:Count: 4000, Duplicated: 292, Tot packages: 3708, Complete rows: 655, Missing GitHub urls: 955
INFO:root:Empty cells: [0, 0, 955, 977, 983, 1496, 2333, 1046, 1044, 1313, 1313, 1203, 2392, 2392, 96, 97, 97, 96]
INFO:root:First package: urllib3
INFO:root:Last package: django-partial-index
INFO:root:-------------------------------------------------------------------------------------------------------------
INFO:root:Count: 4000, Duplicated: 292, Tot packages: 3708, Complete rows: 655, Missing GitHub urls: 955
INFO:root:Empty cells: [0, 0, 955, 977, 983, 1496, 2333, 1046, 1044, 1313, 1313, 1203, 2392, 2392, 96, 97, 97, 96]
INFO:root:First package: urllib3
INFO:root:Last package: django-partial-index
INFO:root:-------------------------------------------------------------------------------------------------------------
INFO:root:Count: 3708, Duplicated: 0, Tot packages: 3708, Complete rows: 655, Missing GitHub urls: 955
INFO:root:Empty cells: [0, 0, 955, 977, 983, 1496, 2333, 1046, 1044, 1313, 1313, 1203, 2392, 2392, 96, 97, 97, 96]
INFO:root:First package: urllib3
INFO:root:Last package: django-partial-index
INFO:root:-------------------------------------------------------------------------------------------------------------
INFO:root:Count: 3708, Duplicated: 0, Tot packages: 3708, Complete rows: 655, Missing GitHub urls: 955
INFO:root:Empty cells: [0, 0, 955, 977, 1011, 1496, 2333, 1046, 1044, 1313, 1313, 1203, 2392, 2392, 96, 97, 97, 96]
INFO:root:First package: urllib3
INFO:root:Last package: django-partial-index
INFO:root:-------------------------------------------------------------------------------------------------------------
INFO:root:Count: 3708, Duplicated: 0, Tot packages: 3708, Complete rows: 655, Missing GitHub urls: 955
INFO:root:Empty cells: [0, 0, 955, 977, 1011, 1496, 2333, 1046, 1044, 1313, 1313, 1203, 2392, 2392, 96, 97, 97, 96]
INFO:root:First package: urllib3
INFO:root:Last package: django-partial-index
INFO:root:-------------------------------------------------------------------------------------------------------------
INFO:root:Count: 3708, Duplicated: 0, Tot packages: 3708, Complete rows: 655, Missing GitHub urls: 955
INFO:root:Empty cells: [0, 0, 955, 977, 983, 1496, 2333, 1046, 1044, 1313, 1313, 1203, 2392, 2392, 96, 97, 97, 96]
INFO:root:First package: urllib3
INFO:root:Last package: django-partial-index
INFO:root:-------------------------------------------------------------------------------------------------------------
INFO:root:Count: 3708, Duplicated: 0, Tot packages: 3708, Complete rows: 655, Missing GitHub urls: 955
INFO:root:Empty cells: [0, 0, 955, 977, 983, 1496, 2333, 1046, 1044, 1313, 1313, 1203, 2392, 2392, 96, 97, 97, 96]
INFO:root:First package: urllib3
INFO:root:Last package: django-partial-index
INFO:root:-------------------------------------------------------------------------------------------------------------
INFO:root:Count: 3708, Duplicated: 0, Tot packages: 3708, Complete rows: 658, Missing GitHub urls: 955
INFO:root:Empty cells: [0, 0, 955, 977, 976, 1496, 2333, 1046, 1044, 1313, 1313, 1203, 2392, 2392, 96, 97, 97, 96]
INFO:root:First package: urllib3
INFO:root:Last package: django-partial-index
INFO:root:-------------------------------------------------------------------------------------------------------------
INFO:root:Count: 3708, Duplicated: 0, Tot packages: 3708, Complete rows: 690, Missing GitHub urls: 955
INFO:root:Empty cells: [0, 0, 955, 977, 976, 977, 2333, 1046, 1044, 1313, 1313, 1203, 2392, 2392, 96, 97, 97, 96]
INFO:root:First package: urllib3
INFO:root:Last package: django-partial-index
INFO:root:-------------------------------------------------------------------------------------------------------------
INFO:root:Count: 3708, Duplicated: 0, Tot packages: 3708, Complete rows: 693, Missing GitHub urls: 955
INFO:root:Empty cells: [0, 0, 955, 977, 976, 977, 2329, 1046, 1044, 1313, 1313, 1203, 2392, 2392, 96, 97, 97, 96]
INFO:root:First package: urllib3
INFO:root:Last package: django-partial-index
INFO:root:-------------------------------------------------------------------------------------------------------------
INFO:root:Count: 3708, Duplicated: 0, Tot packages: 3708, Complete rows: 693, Missing GitHub urls: 955
INFO:root:Empty cells: [0, 0, 955, 977, 976, 977, 2329, 1046, 1044, 1313, 1313, 1203, 2392, 2392, 96, 97, 97, 96]
INFO:root:First package: urllib3
INFO:root:Last package: django-partial-index
INFO:root:-------------------------------------------------------------------------------------------------------------
INFO:root:Count: 3708, Duplicated: 0, Tot packages: 3708, Complete rows: 693, Missing GitHub urls: 955
INFO:root:Empty cells: [0, 0, 955, 977, 976, 977, 2329, 1046, 1043, 1313, 1313, 1203, 2392, 2392, 96, 97, 97, 96]
INFO:root:First package: urllib3
INFO:root:Last package: django-partial-index
INFO:root:-------------------------------------------------------------------------------------------------------------
INFO:root:Count: 3708, Duplicated: 0, Tot packages: 3708, Complete rows: 693, Missing GitHub urls: 955
INFO:root:Empty cells: [0, 0, 955, 977, 976, 977, 2329, 1046, 1043, 1313, 1313, 1203, 2392, 2392, 96, 97, 97, 96]
INFO:root:First package: urllib3
INFO:root:Last package: django-partial-index
INFO:root:-------------------------------------------------------------------------------------------------------------
INFO:root:Count: 3708, Duplicated: 0, Tot packages: 3708, Complete rows: 693, Missing GitHub urls: 955
INFO:root:Empty cells: [0, 0, 955, 977, 976, 977, 2329, 1046, 1043, 1313, 1313, 1202, 2392, 2392, 96, 97, 97, 96]
INFO:root:First package: urllib3
INFO:root:Last package: django-partial-index
INFO:root:-------------------------------------------------------------------------------------------------------------
INFO:root:Count: 3708, Duplicated: 0, Tot packages: 3708, Complete rows: 693, Missing GitHub urls: 955
INFO:root:Empty cells: [0, 0, 955, 977, 976, 977, 2329, 1046, 1043, 1313, 1313, 1202, 2392, 2392, 96, 97, 97, 96]
INFO:root:First package: urllib3
INFO:root:Last package: django-partial-index
INFO:root:-------------------------------------------------------------------------------------------------------------
INFO:root:Count: 3708, Duplicated: 0, Tot packages: 3708, Complete rows: 693, Missing GitHub urls: 955
INFO:root:Empty cells: [0, 0, 955, 977, 976, 977, 2329, 1046, 1043, 1313, 1313, 1202, 2392, 2392, 96, 97, 97, 96]
INFO:root:First package: urllib3
INFO:root:Last package: django-partial-index
INFO:root:-------------------------------------------------------------------------------------------------------------
INFO:root:Count: 3708, Duplicated: 0, Tot packages: 3708, Complete rows: 693, Missing GitHub urls: 955
INFO:root:Empty cells: [0, 0, 955, 977, 976, 977, 2329, 1046, 1043, 1313, 1313, 1202, 2112, 2392, 96, 97, 97, 96]
INFO:root:First package: urllib3
INFO:root:Last package: django-partial-index
INFO:root:-------------------------------------------------------------------------------------------------------------
INFO:root:Count: 3708, Duplicated: 0, Tot packages: 3708, Complete rows: 780, Missing GitHub urls: 955
INFO:root:Empty cells: [0, 0, 955, 977, 976, 977, 2329, 1046, 1043, 1313, 1313, 1202, 2112, 2121, 96, 97, 97, 96]
INFO:root:First package: urllib3
INFO:root:Last package: django-partial-index
INFO:root:-------------------------------------------------------------------------------------------------------------
INFO:root:Count: 3708, Duplicated: 0, Tot packages: 3708, Complete rows: 776, Missing GitHub urls: 955
INFO:root:Empty cells: [0, 0, 955, 977, 976, 977, 2678, 1046, 1043, 1313, 1313, 1202, 2112, 2102, 96, 97, 97, 96]
INFO:root:First package: urllib3
INFO:root:Last package: django-partial-index
INFO:root:-------------------------------------------------------------------------------------------------------------
INFO:root:Count: 3708, Duplicated: 0, Tot packages: 3708, Complete rows: 1119, Missing GitHub urls: 955
INFO:root:Empty cells: [0, 0, 955, 977, 976, 977, 1229, 1046, 1043, 1313, 1313, 1202, 2112, 2392, 96, 97, 97, 96]
INFO:root:First package: urllib3
INFO:root:Last package: django-partial-index
INFO:root:-------------------------------------------------------------------------------------------------------------
INFO:root:Count: 3708, Duplicated: 0, Tot packages: 3708, Complete rows: 1119, Missing GitHub urls: 955
INFO:root:Empty cells: [0, 0, 955, 977, 976, 977, 1229, 1046, 1043, 1313, 1313, 1202, 2112, 2392, 96, 97, 97, 96]
INFO:root:First package: urllib3
INFO:root:Last package: django-partial-index
INFO:root:-------------------------------------------------------------------------------------------------------------
INFO:root:Count: 3708, Duplicated: 0, Tot packages: 3708, Complete rows: 2753, Missing GitHub urls: 955
INFO:root:Empty cells: [0, 0, 955, 955, 955, 955, 955, 955, 955, 955, 955, 955, 955, 955, 95, 95, 95, 95]
INFO:root:First package: urllib3
INFO:root:Last package: django-partial-index
INFO:root:-------------------------------------------------------------------------------------------------------------
INFO:root:Count: 3708, Duplicated: 0, Tot packages: 3708, Complete rows: 2753, Missing GitHub urls: 955
INFO:root:Empty cells: [0, 0, 955, 955, 955, 955, 955, 955, 955, 955, 955, 955, 955, 955, 95, 95, 95, 95]
INFO:root:First package: urllib3
INFO:root:Last package: django-partial-index
INFO:root:-------------------------------------------------------------------------------------------------------------
INFO:root:Count: 3708, Duplicated: 0, Tot packages: 3708, Complete rows: 1119, Missing GitHub urls: 955
INFO:root:Empty cells: [0, 0, 955, 977, 976, 977, 1229, 1046, 1043, 1313, 1313, 1202, 2112, 2392, 96, 97, 97, 96]
INFO:root:First package: urllib3
INFO:root:Last package: django-partial-index
INFO:root:-------------------------------------------------------------------------------------------------------------
INFO:root:Count: 3708, Duplicated: 0, Tot packages: 3708, Complete rows: 693, Missing GitHub urls: 955
INFO:root:Empty cells: [0, 0, 955, 977, 976, 977, 2329, 1046, 1043, 1313, 1313, 1202, 2112, 2392, 96, 97, 97, 96]
INFO:root:First package: urllib3
INFO:root:Last package: django-partial-index
INFO:root:-------------------------------------------------------------------------------------------------------------
INFO:root:Inserted: 871, Not found: 0, Not Corresponding: 84
INFO:root:Inserted: 871, Not found: 0, Not Corresponding: 84
INFO:root:Inserted: 871, Not found: 0, Not Corresponding: 84
INFO:root:Name: python-dateutil, URL Found: https://github.com/dateutil/dateutil
INFO:root:Name: awscli, URL Found: https://github.com/aws/aws-cli
INFO:root:Name: grpcio, URL Found: https://github.com/grpc/grpc
INFO:root:Name: tensorflow-estimator, URL Found: https://github.com/tensorflow/estimator
INFO:root:Name: azure-storage-blob, URL Found: https://github.com/azure/azure-sdk-for-python
INFO:root:Name: jupyter-client, URL Found: https://github.com/jupyter/jupyter_client
INFO:root:Name: pyarrow, URL Found: https://github.com/apache/arrow
INFO:root:Name: async-timeout, URL Found: https://github.com/aio-libs/async_timeout
INFO:root:Name: typing-extensions, URL Found: https://github.com/python/typing
INFO:root:Name: ruamel-yaml, URL Found: https://github.com/pypa/setuptools
INFO:root:Name: pyspark, URL Found: https://github.com/apache/spark
INFO:root:Name: azure-core, URL Found: https://github.com/azure/azure-sdk-for-python
INFO:root:Name: setuptools-scm, URL Found: https://github.com/pypa/setuptools_scm
INFO:root:Name: ndg-httpsclient, URL Found: https://github.com/cedadev/ndg_httpsclient
INFO:root:Name: azure-storage-queue, URL Found: https://github.com/azure/azure-sdk-for-python
INFO:root:Name: azure-keyvault, URL Found: https://github.com/azure/azure-sdk-for-python
INFO:root:Name: grpcio-tools, URL Found: https://github.com/grpc/grpc
INFO:root:Name: sphinx-rtd-theme, URL Found: https://github.com/rtfd/sphinx_rtd_theme
INFO:root:Name: fbprophet, URL Found: https://github.com/facebook/prophet
INFO:root:Name: anyjson, URL Found: https://github.com/ask/carrot
INFO:root:Name: paho-mqtt, URL Found: https://github.com/eclipse/paho
INFO:root:Name: azure-identity, URL Found: https://github.com/azure/azure-sdk-for-python
INFO:root:Name: opencensus-context, URL Found: https://github.com/census-instrumentation/opencensus-python
INFO:root:Name: azure-eventhub, URL Found: https://github.com/azure/azure-sdk-for-python
INFO:root:Name: ibm-db-sa, URL Found: https://github.com/ibmdb/python-ibmdbsa
INFO:root:Name: tf-estimator-nightly, URL Found: https://github.com/tensorflow/estimator
INFO:root:Name: fabric3, URL Found: https://github.com/mathiasertl/fabric
INFO:root:Name: boxsdk, URL Found: https://github.com/box/box-python-sdk
INFO:root:Name: gevent-websocket, URL Found: https://github.com/methane/wsaccel
INFO:root:Name: azure-keyvault-secrets, URL Found: https://github.com/azure/azure-sdk-for-python
INFO:root:Name: ansicolors, URL Found: https://github.com/jonathaneunice/colors
INFO:root:Name: jupyter-highlight-selected-word, URL Found: https://github.com/jcb91/jupyter_highlight_selected_word
INFO:root:Name: gapic-google-cloud-pubsub-v1, URL Found: https://github.com/googleapis/googleapis
INFO:root:Name: category-encoders, URL Found: https://github.com/scikit-learn-contrib/category_encoders
INFO:root:Name: hacking, URL Found: https://github.com/jcrocholl/pep8
INFO:root:Name: smdebug-rulesconfig, URL Found: https://github.com/awslabs/sagemaker-debugger-rulesconfig
INFO:root:Name: eth-utils, URL Found: https://github.com/ethereum/eth_utils
INFO:root:Name: plaster-pastedeploy, URL Found: https://github.com/pylons/plaster_pastedeploy
INFO:root:Name: fake-factory, URL Found: https://github.com/joke2k/faker
INFO:root:Name: ortools, URL Found: https://github.com/google/or-tools
INFO:root:Name: pydevd, URL Found: https://github.com/fabioz/pydev.debugger
INFO:root:Name: tableauserverclient, URL Found: https://github.com/tableau/server-client-python
INFO:root:Name: patch-ng, URL Found: https://github.com/conan-io/python-patch
INFO:root:Name: google-cloud-secret-manager, URL Found: https://github.com/googleapis/python-secret-manager
INFO:root:Name: python-redis, URL Found: https://github.com/schlitzered/pyredis
INFO:root:Name: sphinxcontrib-plantuml, URL Found: https://github.com/sphinx-contrib/plantuml
INFO:root:Name: azure-mgmt-core, URL Found: https://github.com/azure/azure-sdk-for-python
INFO:root:Name: compatibility-lib, URL Found: https://github.com/googlecloudplatform/cloud-opensource-python
INFO:root:Name: tlslite, URL Found: https://github.com/moxie0/convergence
INFO:root:Name: pytest-pep8, URL Found: https://github.com/jcrocholl/pep8
INFO:root:Name: nosexcover, URL Found: https://github.com/cmheisel/nose-xcover
INFO:root:Name: pycontracts, URL Found: https://github.com/andreacensi/contracts
INFO:root:Name: azure-keyvault-keys, URL Found: https://github.com/azure/azure-sdk-for-python
INFO:root:Name: geohash2, URL Found: https://github.com/dbarthe/geohash
INFO:root:Name: opencensus-ext-stackdriver, URL Found: https://github.com/census-instrumentation/opencensus-python
INFO:root:Name: mockredispy, URL Found: https://github.com/locationlabs/mockredis
INFO:root:Name: homeassistant, URL Found: https://github.com/home-assistant/core
INFO:root:Name: tf-nightly, URL Found: https://github.com/tensorflow/tensorflow
INFO:root:Name: wxpython, URL Found: https://github.com/wxwidgets/phoenix
INFO:root:Name: pyramid-tm, URL Found: https://github.com/pylons/pyramid_tm
INFO:root:Name: web-py, URL Found: https://github.com/webpy/webpy
INFO:root:Name: sphinxcontrib-napoleon, URL Found: https://github.com/numpy/numpy
INFO:root:Name: bashate, URL Found: https://github.com/pycqa/pycodestyle
INFO:root:Name: aiohttp-jinja2, URL Found: https://github.com/aio-libs/aiohttp_jinja2
INFO:root:Name: pyramid-debugtoolbar, URL Found: https://github.com/pylons/pyramid_debugtoolbar
INFO:root:Name: hpsklearn, URL Found: https://github.com/hyperopt/hyperopt-sklearn
INFO:root:Name: tensorflow-cpu, URL Found: https://github.com/tensorflow/tensorflow
INFO:root:Name: setuptools-scm-git-archive, URL Found: https://github.com/changaco/setuptools_scm_git_archive
INFO:root:Name: twitter-ads, URL Found: https://github.com/twitterdev/twitter-python-ads-sdk
INFO:root:Name: twitter-common-app, URL Found: https://github.com/twitter/commons
INFO:root:Name: plotly-express, URL Found: https://github.com/plotly/plotly_express
INFO:root:Name: opencensus-ext-logging, URL Found: https://github.com/census-instrumentation/opencensus-python
INFO:root:Name: pyuwsgi, URL Found: https://github.com/unbit/uwsgi
INFO:root:Name: doc-warden, URL Found: https://github.com/azure/azure-sdk-tools
INFO:root:Name: asgi-redis, URL Found: https://github.com/django/asgi_redis
INFO:root:Name: ast, URL Found: https://github.com/yijunyu/needle
INFO:root:Name: pydeck, URL Found: https://github.com/visgl/deck.gl
INFO:root:Name: spark-parser, URL Found: https://github.com/rocky/python-spark
INFO:root:Name: python-owasp-zap-v2-4, URL Found: https://github.com/zaproxy/zap-api-python
INFO:root:Name: teradatasql, URL Found: https://github.com/teradata/python-driver
INFO:root:Name: azure-keyvault-certificates, URL Found: https://github.com/azure/azure-sdk-for-python
INFO:root:Name: django-hijack-admin, URL Found: https://github.com/arteria/django-hijack
INFO:root:Name: json-minify, URL Found: https://github.com/getify/json.minify
INFO:root:Name: pyramid-beaker, URL Found: https://github.com/pylons/pyramid_beaker
INFO:root:Inserted: 871, Not found: 0, Not Corresponding: 84

-------------------------------------------------------------------------------------------------------
INFO:root:Name: python-dateutil, URL Found: https://github.com/dateutil/dateutil
INFO:root:Name: awscli, URL Found: https://github.com/aws/aws-cli
INFO:root:Name: grpcio, URL Found: https://github.com/grpc/grpc
INFO:root:Name: tensorflow-estimator, URL Found: https://github.com/tensorflow/estimator
INFO:root:Name: azure-storage-blob, URL Found: https://github.com/azure/azure-sdk-for-python
INFO:root:Name: jupyter-client, URL Found: https://github.com/jupyter/jupyter_client
INFO:root:Name: pyarrow, URL Found: https://github.com/apache/arrow
INFO:root:Name: async-timeout, URL Found: https://github.com/aio-libs/async_timeout
INFO:root:Name: typing-extensions, URL Found: https://github.com/python/typing
INFO:root:Name: ruamel-yaml, URL Found: https://github.com/pypa/setuptools
INFO:root:Name: pyspark, URL Found: https://github.com/apache/spark
INFO:root:Name: azure-core, URL Found: https://github.com/azure/azure-sdk-for-python
INFO:root:Name: setuptools-scm, URL Found: https://github.com/pypa/setuptools_scm
INFO:root:Name: ndg-httpsclient, URL Found: https://github.com/cedadev/ndg_httpsclient
INFO:root:Name: azure-storage-queue, URL Found: https://github.com/azure/azure-sdk-for-python
INFO:root:Name: azure-keyvault, URL Found: https://github.com/azure/azure-sdk-for-python
INFO:root:Name: grpcio-tools, URL Found: https://github.com/grpc/grpc
INFO:root:Name: sphinx-rtd-theme, URL Found: https://github.com/rtfd/sphinx_rtd_theme
INFO:root:Name: fbprophet, URL Found: https://github.com/facebook/prophet
INFO:root:Name: anyjson, URL Found: https://github.com/ask/carrot
INFO:root:Name: paho-mqtt, URL Found: https://github.com/eclipse/paho
INFO:root:Name: azure-identity, URL Found: https://github.com/azure/azure-sdk-for-python
INFO:root:Name: opencensus-context, URL Found: https://github.com/census-instrumentation/opencensus-python
INFO:root:Name: azure-eventhub, URL Found: https://github.com/azure/azure-sdk-for-python
INFO:root:Name: ibm-db-sa, URL Found: https://github.com/ibmdb/python-ibmdbsa
INFO:root:Name: tf-estimator-nightly, URL Found: https://github.com/tensorflow/estimator
INFO:root:Name: fabric3, URL Found: https://github.com/mathiasertl/fabric
INFO:root:Name: boxsdk, URL Found: https://github.com/box/box-python-sdk
INFO:root:Name: gevent-websocket, URL Found: https://github.com/methane/wsaccel
INFO:root:Name: azure-keyvault-secrets, URL Found: https://github.com/azure/azure-sdk-for-python
INFO:root:Name: ansicolors, URL Found: https://github.com/jonathaneunice/colors
INFO:root:Name: jupyter-highlight-selected-word, URL Found: https://github.com/jcb91/jupyter_highlight_selected_word
INFO:root:Name: gapic-google-cloud-pubsub-v1, URL Found: https://github.com/googleapis/googleapis
INFO:root:Name: category-encoders, URL Found: https://github.com/scikit-learn-contrib/category_encoders
INFO:root:Name: hacking, URL Found: https://github.com/jcrocholl/pep8
INFO:root:Name: smdebug-rulesconfig, URL Found: https://github.com/awslabs/sagemaker-debugger-rulesconfig
INFO:root:Name: eth-utils, URL Found: https://github.com/ethereum/eth_utils
INFO:root:Name: plaster-pastedeploy, URL Found: https://github.com/pylons/plaster_pastedeploy
INFO:root:Name: fake-factory, URL Found: https://github.com/joke2k/faker
INFO:root:Name: ortools, URL Found: https://github.com/google/or-tools
INFO:root:Name: pydevd, URL Found: https://github.com/fabioz/pydev.debugger
INFO:root:Name: tableauserverclient, URL Found: https://github.com/tableau/server-client-python
INFO:root:Name: patch-ng, URL Found: https://github.com/conan-io/python-patch
INFO:root:Name: google-cloud-secret-manager, URL Found: https://github.com/googleapis/python-secret-manager
INFO:root:Name: python-redis, URL Found: https://github.com/schlitzered/pyredis
INFO:root:Name: sphinxcontrib-plantuml, URL Found: https://github.com/sphinx-contrib/plantuml
INFO:root:Name: azure-mgmt-core, URL Found: https://github.com/azure/azure-sdk-for-python
INFO:root:Name: compatibility-lib, URL Found: https://github.com/googlecloudplatform/cloud-opensource-python
INFO:root:Name: tlslite, URL Found: https://github.com/moxie0/convergence
INFO:root:Name: pytest-pep8, URL Found: https://github.com/jcrocholl/pep8
INFO:root:Name: nosexcover, URL Found: https://github.com/cmheisel/nose-xcover
INFO:root:Name: pycontracts, URL Found: https://github.com/andreacensi/contracts
INFO:root:Name: azure-keyvault-keys, URL Found: https://github.com/azure/azure-sdk-for-python
INFO:root:Name: geohash2, URL Found: https://github.com/dbarthe/geohash
INFO:root:Name: opencensus-ext-stackdriver, URL Found: https://github.com/census-instrumentation/opencensus-python
INFO:root:Name: mockredispy, URL Found: https://github.com/locationlabs/mockredis
INFO:root:Name: homeassistant, URL Found: https://github.com/home-assistant/core
INFO:root:Name: tf-nightly, URL Found: https://github.com/tensorflow/tensorflow
INFO:root:Name: wxpython, URL Found: https://github.com/wxwidgets/phoenix
INFO:root:Name: pyramid-tm, URL Found: https://github.com/pylons/pyramid_tm
INFO:root:Name: web-py, URL Found: https://github.com/webpy/webpy
INFO:root:Name: sphinxcontrib-napoleon, URL Found: https://github.com/numpy/numpy
INFO:root:Name: bashate, URL Found: https://github.com/pycqa/pycodestyle
INFO:root:Name: aiohttp-jinja2, URL Found: https://github.com/aio-libs/aiohttp_jinja2
INFO:root:Name: pyramid-debugtoolbar, URL Found: https://github.com/pylons/pyramid_debugtoolbar
INFO:root:Name: hpsklearn, URL Found: https://github.com/hyperopt/hyperopt-sklearn
INFO:root:Name: tensorflow-cpu, URL Found: https://github.com/tensorflow/tensorflow
INFO:root:Name: setuptools-scm-git-archive, URL Found: https://github.com/changaco/setuptools_scm_git_archive
INFO:root:Name: twitter-ads, URL Found: https://github.com/twitterdev/twitter-python-ads-sdk
INFO:root:Name: twitter-common-app, URL Found: https://github.com/twitter/commons
INFO:root:Name: plotly-express, URL Found: https://github.com/plotly/plotly_express
INFO:root:Name: opencensus-ext-logging, URL Found: https://github.com/census-instrumentation/opencensus-python
INFO:root:Name: pyuwsgi, URL Found: https://github.com/unbit/uwsgi
INFO:root:Name: doc-warden, URL Found: https://github.com/azure/azure-sdk-tools
INFO:root:Name: asgi-redis, URL Found: https://github.com/django/asgi_redis
INFO:root:Name: ast, URL Found: https://github.com/yijunyu/needle
INFO:root:Name: pydeck, URL Found: https://github.com/visgl/deck.gl
INFO:root:Name: spark-parser, URL Found: https://github.com/rocky/python-spark
INFO:root:Name: python-owasp-zap-v2-4, URL Found: https://github.com/zaproxy/zap-api-python
INFO:root:Name: teradatasql, URL Found: https://github.com/teradata/python-driver
INFO:root:Name: azure-keyvault-certificates, URL Found: https://github.com/azure/azure-sdk-for-python
INFO:root:Name: django-hijack-admin, URL Found: https://github.com/arteria/django-hijack
INFO:root:Name: json-minify, URL Found: https://github.com/getify/json.minify
INFO:root:Name: pyramid-beaker, URL Found: https://github.com/pylons/pyramid_beaker
INFO:root:Inserted: 955, Not found: 0, Not Corresponding: 84


-------------------------------------------------------------------------------------------------------
*******************************************************************************************************
-------------------------------------------------------------------------------------------------------
INFO:root:Tot packages: 3708, Complete rows: 1119
INFO:root:Empty cells: [0, 0, 0, 549, 976, 977, 1229, 1046, 1043, 1313, 1313, 1202, 2112, 2392, 96, 97, 97, 96]
INFO:root:-------------------------------------------------------------------------------------------------------------
INFO:root:Tot packages: 3708, Complete rows: 1119
INFO:root:Empty cells: [0, 0, 0, 549, 551, 977, 1229, 1046, 1043, 1313, 1313, 1202, 2112, 2392, 96, 97, 97, 96]
INFO:root:-------------------------------------------------------------------------------------------------------------
INFO:root:Tot packages: 3708, Complete rows: 1119, Semi-complete rows: 1121
INFO:root:Empty cells: [0, 0, 0, 549, 551, 552, 1229, 1046, 1043, 1313, 1313, 1202, 2112, 2392, 96, 97, 97, 96]
INFO:root:-------------------------------------------------------------------------------------------------------------
INFO:root:Tot packages: 3708, Complete rows: 1119, Semi-complete rows: 1121
INFO:root:Empty cells: [0, 0, 0, 549, 551, 552, 1027, 1046, 1043, 1313, 1313, 1202, 2112, 2392, 96, 97, 97, 96]
INFO:root:-------------------------------------------------------------------------------------------------------------
INFO:root:Tot packages: 3708, Complete rows: 1119, Semi-complete rows: 1121
INFO:root:Empty cells: [0, 0, 0, 549, 551, 552, 1027, 1046, 1043, 1313, 1313, 1202, 2112, 2392, 96, 97, 97, 96]
INFO:root:-------------------------------------------------------------------------------------------------------------
INFO:root:Tot packages: 3708, Complete rows: 1119, Semi-complete rows: 1121
INFO:root:Empty cells: [0, 0, 0, 549, 551, 552, 833, 1046, 1043, 1313, 1313, 1202, 2112, 2392, 96, 97, 97, 96]
INFO:root:-------------------------------------------------------------------------------------------------------------
INFO:root:Tot packages: 3708, Complete rows: 1119, Semi-complete rows: 1121
INFO:root:Empty cells: [0, 0, 0, 549, 551, 552, 833, 639, 1043, 1313, 1313, 1202, 2112, 2392, 96, 97, 97, 96]
INFO:root:-------------------------------------------------------------------------------------------------------------
INFO:root:Tot packages: 3708, Complete rows: 1119, Semi-complete rows: 1121
INFO:root:Empty cells: [0, 0, 0, 549, 551, 552, 833, 639, 637, 1313, 1313, 1202, 2112, 2392, 96, 97, 97, 96]
INFO:root:-------------------------------------------------------------------------------------------------------------
INFO:root:Tot packages: 3708, Complete rows: 1119, Semi-complete rows: 1121
INFO:root:Empty cells: [0, 0, 0, 549, 551, 552, 833, 639, 637, 1243, 1313, 1202, 2112, 2392, 96, 97, 97, 96]
INFO:root:-------------------------------------------------------------------------------------------------------------
INFO:root:Tot packages: 3708, Complete rows: 1119, Semi-complete rows: 1121
INFO:root:Empty cells: [0, 0, 0, 549, 551, 552, 833, 639, 637, 1241, 1313, 1202, 2112, 2392, 96, 97, 97, 96]
INFO:root:-------------------------------------------------------------------------------------------------------------
INFO:root:Tot packages: 3708, Complete rows: 1119, Semi-complete rows: 1121
INFO:root:Empty cells: [0, 0, 0, 549, 551, 552, 833, 639, 637, 1237, 1313, 1202, 2112, 2392, 96, 97, 97, 96]
INFO:root:-------------------------------------------------------------------------------------------------------------
INFO:root:Tot packages: 3708, Complete rows: 1120, Semi-complete rows: 1122
INFO:root:Empty cells: [0, 0, 0, 549, 551, 552, 833, 639, 637, 1237, 1234, 1202, 2112, 2392, 96, 97, 97, 96]
INFO:root:-------------------------------------------------------------------------------------------------------------
INFO:root:Tot packages: 3708, Complete rows: 1120, Semi-complete rows: 1122
INFO:root:Empty cells: [0, 0, 0, 549, 551, 552, 833, 639, 637, 1234, 1234, 812, 2112, 2392, 96, 97, 97, 96]
INFO:root:-------------------------------------------------------------------------------------------------------------
INFO:root:Tot packages: 3708, Complete rows: 1120, Semi-complete rows: 1122
INFO:root:Empty cells: [0, 0, 0, 549, 551, 552, 833, 639, 637, 1234, 1234, 812, 1790, 2392, 96, 97, 97, 96]
INFO:root:-------------------------------------------------------------------------------------------------------------
INFO:root:Tot packages: 3708, Complete rows: 1333, Semi-complete rows: 1345
INFO:root:Empty cells: [0, 0, 0, 549, 551, 552, 833, 639, 637, 1234, 1234, 812, 1790, 1907, 96, 97, 97, 96]
INFO:root:-------------------------------------------------------------------------------------------------------------
INFO:root:Tot packages: 3708, Complete rows: 1334, Semi-complete rows: 1345
INFO:root:Empty cells: [0, 0, 0, 549, 551, 552, 833, 639, 637, 1234, 1234, 812, 1790, 1907, 96, 96, 97, 96]
INFO:root:-------------------------------------------------------------------------------------------------------------
INFO:root:GithHub Json Error: 'int' object has no attribute 'replace'
INFO:root:Closed issues Error: HTTP Error 422: Unprocessable Entity
INFO:root:Closed issues Error: HTTP Error 422: Unprocessable Entity
INFO:root:Closed issues Error: HTTP Error 422: Unprocessable Entity
INFO:root:Closed issues Error: HTTP Error 422: Unprocessable Entity
INFO:root:Closed issues Error: HTTP Error 422: Unprocessable Entity
INFO:root:Changed rows: 0
INFO:root:Right metrics len: 95
INFO:root:Changed rows: 0, Total lines: 3709
INFO:root:Right metrics len: 94
INFO:root:Changed rows: 94, Total packages: 3708
INFO:root:Tot packages: 3708, Complete rows: 1355, Semi-complete rows: 1366
INFO:root:Empty cells: [0, 0, 0, 542, 544, 544, 814, 627, 628, 1206, 1211, 801, 1780, 1895, 96, 96, 97, 96]
INFO:root:-------------------------------------------------------------------------------------------------------------
INFO:root:Tot packages: 3708, Complete rows: 3708, Semi-complete rows: 3708
INFO:root:Empty cells: [0, 0, 0, 0, 0, 0, 0, 0, 0, 0, 0, 0, 0, 0, 0, 0, 0, 0]
INFO:root:-------------------------------------------------------------------------------------------------------------
INFO:root:Tot packages: 3708, Complete rows: 1355, Semi-complete rows: 1366, Useless rows: 542
INFO:root:Empty cells: [0, 0, 0, 542, 544, 544, 814, 627, 628, 1206, 1211, 801, 1780, 1895, 96, 96, 97, 96]
INFO:root:-------------------------------------------------------------------------------------------------------------
INFO:root:Tot packages: 3708, First package: ['aadict', 'http://github.com/metagriffin/aadict', '387812', '', ''], Is 'urllib3' known? 3510, Is 'urlliba' known? -1
INFO:root:urllib3 = urllib3
INFO:root:urllib2 not present
INFO:root:Total vulns: 30
INFO:root:Total vulns: 1267 - Last severity: <span class="severity-list__item-text">M</span>
INFO:root:Total vulns: 1267 - Last severity: M
INFO:root:Total vulns: 30 - Last name: Heap-based Buffer Overflow - Last url: https://snyk.io/vuln/SNYK-PYTHON-TENSORFLOWCPU-1013604 - Last pkg: tensorflow-cpu
INFO:root:Last name: Heap-based Buffer Overflow - Last url: https://snyk.io/vuln/SNYK-PYTHON-TENSORFLOWCPU-1013604 - Last pkg: tensorflow-cpu - Last versions: [,1.15.4),[2.0.0, 2.0.3),[2.1.0, 2.1.2),[2.2.0, 2.2.1),[2.3.0, 2.3.1)
INFO:root:Tot vulns: 30
INFO:root:First vuln: ['M', 'Cross-site Scripting (XSS)', 'https://snyk.io/vuln/SNYK-PYTHON-MATRIXSYNAPSE-1019356', 'matrix-synapse', '[,1.21.0)', '', '', '', '', '', '', '', '', '']
INFO:root:CVE trial: Snyk - Open Source Security
INFO:root:CVE trial: Test
INFO:root:CVE trial: Features
INFO:root:CVE trial: Snyk for Developers & DevOps
                        Find out of all the great features for developers and devops
INFO:root:CVE trial: Snyk for Enterprise
                        Find out of all the great features for Enterprise
INFO:root:CVE trial: Container Vulnerability Management
                        Find and fix Docker image vulnerabilities
INFO:root:CVE trial: Vulnerability DB
INFO:root:CVE trial: Blog
INFO:root:CVE trial: Partners
INFO:root:CVE trial: Pricing
INFO:root:CVE trial: Docs
INFO:root:CVE trial: About
INFO:root:CVE trial: Log In
INFO:root:CVE trial: Sign Up
INFO:root:CVE trial: 
INFO:root:CVE trial: Test
INFO:root:CVE trial: Features
INFO:root:CVE trial: Snyk for Developers & DevOps
                          Find out of all the great features for developers and devops
INFO:root:CVE trial: Snyk for Enterprise
                          Find out of all the great features for Enterprise
INFO:root:CVE trial: Container Vulnerability Management
                          Find and fix Docker image vulnerabilities
INFO:root:CVE trial: Vulnerability DB
INFO:root:CVE trial: Blog
INFO:root:CVE trial: Partners
INFO:root:CVE trial: Pricing
INFO:root:CVE trial: Docs
INFO:root:CVE trial: About
INFO:root:CVE trial: Log In
INFO:root:CVE trial: Sign Up
INFO:root:CVE trial: Test your code
INFO:root:CVE trial: any
INFO:root:CVE trial: cocoapods
INFO:root:CVE trial: Composer
INFO:root:CVE trial: Go
INFO:root:CVE trial: Linux
INFO:root:CVE trial: Maven
INFO:root:CVE trial: npm
INFO:root:CVE trial: NuGet
INFO:root:CVE trial: pip
INFO:root:CVE trial: RubyGems
INFO:root:CVE trial: Report a new vulnerability
INFO:root:CVE trial: Cross-site Scripting (XSS)
INFO:root:CVE trial: matrix-synapse
INFO:root:CVE trial: Server-side Request Forgery (SSRF)
INFO:root:CVE trial: libtaxii
INFO:root:CVE trial: Insecure Permissions
INFO:root:CVE trial: django-two-factor-auth
INFO:root:CVE trial: Arbitrary Code Execution
INFO:root:CVE trial: blazar-dashboard
INFO:root:CVE trial: Security Bypass
INFO:root:CVE trial: sopel-plugins.channelmgnt
INFO:root:CVE trial: Regular Expression Denial of Service (ReDoS)
INFO:root:CVE trial: splunk-sdk
INFO:root:CVE trial: Directory Traversal
INFO:root:CVE trial: xmpp-http-upload
INFO:root:CVE trial: Arbitrary Code Execution
INFO:root:CVE trial: django-cms
INFO:root:CVE trial: Denial of Service (DoS)
INFO:root:CVE trial: cryptoauthlib
INFO:root:CVE trial: Cross-site Scripting (XSS)
INFO:root:CVE trial: django-rest-framework
INFO:root:CVE trial: Information Exposure
INFO:root:CVE trial: apache-superset
INFO:root:CVE trial: HTTP Header Injection
INFO:root:CVE trial: urllib3
INFO:root:CVE trial: Denial of Service (DoS)
INFO:root:CVE trial: tensorflow-gpu
INFO:root:CVE trial: Denial of Service (DoS)
INFO:root:CVE trial: tensorflow-cpu
INFO:root:CVE trial: Denial of Service (DoS)
INFO:root:CVE trial: tensorflow
INFO:root:CVE trial: Heap-based Buffer Overflow
INFO:root:CVE trial: tensorflow-gpu
INFO:root:CVE trial: Heap-based Buffer Overflow
INFO:root:CVE trial: tensorflow-cpu
INFO:root:CVE trial: Heap-based Buffer Overflow
INFO:root:CVE trial: tensorflow
INFO:root:CVE trial: Heap-based Buffer Overflow
INFO:root:CVE trial: tensorflow-gpu
INFO:root:CVE trial: Heap-based Buffer Overflow
INFO:root:CVE trial: tensorflow-cpu
INFO:root:CVE trial: Heap-based Buffer Overflow
INFO:root:CVE trial: tensorflow
INFO:root:CVE trial: Heap-based Buffer Overflow
INFO:root:CVE trial: tensorflow-gpu
INFO:root:CVE trial: Heap-based Buffer Overflow
INFO:root:CVE trial: tensorflow-cpu
INFO:root:CVE trial: Heap-based Buffer Overflow
INFO:root:CVE trial: tensorflow
INFO:root:CVE trial: NULL Pointer Dereference
INFO:root:CVE trial: tensorflow-gpu
INFO:root:CVE trial: NULL Pointer Dereference
INFO:root:CVE trial: tensorflow-cpu
INFO:root:CVE trial: NULL Pointer Dereference
INFO:root:CVE trial: tensorflow
INFO:root:CVE trial: Improper Input Validation
INFO:root:CVE trial: tensorflow
INFO:root:CVE trial: Heap-based Buffer Overflow
INFO:root:CVE trial: tensorflow-gpu
INFO:root:CVE trial: Heap-based Buffer Overflow
INFO:root:CVE trial: tensorflow-cpu
INFO:root:CVE trial: Next
INFO:root:CVE trial: 
INFO:root:CVE trial: 
INFO:root:CVE trial: 
INFO:root:CVE trial: 
INFO:root:CVE trial: 
INFO:root:CVE trial: 
INFO:root:CVE trial: Sign up for free
INFO:root:CVE trial: Partners
INFO:root:CVE trial: Features
INFO:root:CVE trial: Pricing
INFO:root:CVE trial: Test with Github
INFO:root:CVE trial: Test with CLI
INFO:root:CVE trial: API Status
INFO:root:CVE trial: Vulnerability DB
INFO:root:CVE trial: Blog
INFO:root:CVE trial: Documentation
INFO:root:CVE trial: Disclosed Vulnerabilities
INFO:root:CVE trial: FAQs
INFO:root:CVE trial: About
INFO:root:CVE trial: Jobs
INFO:root:CVE trial: Contact
INFO:root:CVE trial: Policies
INFO:root:CVE trial: Press Kit
INFO:root:CVE trial: Events
INFO:root:CVE trial: Support
INFO:root:CVE trial: Report a new vuln
INFO:root:CVE trial: 
INFO:root:CVE trial: 
INFO:root:CVE trial: 
INFO:root:CVE trial: 
INFO:root:CVE trial: 
INFO:root:CVE trial: 
INFO:root:Tot vulns: 1
INFO:root:First vuln: ['M', 'Cross-site Scripting (XSS)', 'https://snyk.io/vuln/SNYK-PYTHON-MATRIXSYNAPSE-1019356', 'matrix-synapse', '[,1.21.0)', '', '', '', '', '', '', '', '', '']
INFO:root:CVE trial: Snyk - Open Source Security
INFO:root:CVE trial: Test
INFO:root:CVE trial: Features
INFO:root:CVE trial: Snyk for Developers & DevOps
                        Find out of all the great features for developers and devops
INFO:root:CVE trial: Snyk for Enterprise
                        Find out of all the great features for Enterprise
INFO:root:CVE trial: Container Vulnerability Management
                        Find and fix Docker image vulnerabilities
INFO:root:CVE trial: Vulnerability DB
INFO:root:CVE trial: Blog
INFO:root:CVE trial: Partners
INFO:root:CVE trial: Pricing
INFO:root:CVE trial: Docs
INFO:root:CVE trial: About
INFO:root:CVE trial: Log In
INFO:root:CVE trial: Sign Up
INFO:root:CVE trial: 
INFO:root:CVE trial: Test
INFO:root:CVE trial: Features
INFO:root:CVE trial: Snyk for Developers & DevOps
                          Find out of all the great features for developers and devops
INFO:root:CVE trial: Snyk for Enterprise
                          Find out of all the great features for Enterprise
INFO:root:CVE trial: Container Vulnerability Management
                          Find and fix Docker image vulnerabilities
INFO:root:CVE trial: Vulnerability DB
INFO:root:CVE trial: Blog
INFO:root:CVE trial: Partners
INFO:root:CVE trial: Pricing
INFO:root:CVE trial: Docs
INFO:root:CVE trial: About
INFO:root:CVE trial: Log In
INFO:root:CVE trial: Sign Up
INFO:root:CVE trial: Test your code
INFO:root:CVE trial: any
INFO:root:CVE trial: cocoapods
INFO:root:CVE trial: Composer
INFO:root:CVE trial: Go
INFO:root:CVE trial: Linux
INFO:root:CVE trial: Maven
INFO:root:CVE trial: npm
INFO:root:CVE trial: NuGet
INFO:root:CVE trial: pip
INFO:root:CVE trial: RubyGems
INFO:root:CVE trial: Report a new vulnerability
INFO:root:CVE trial: Cross-site Scripting (XSS)
INFO:root:CVE trial: matrix-synapse
INFO:root:CVE trial: Server-side Request Forgery (SSRF)
INFO:root:CVE trial: libtaxii
INFO:root:CVE trial: Insecure Permissions
INFO:root:CVE trial: django-two-factor-auth
INFO:root:CVE trial: Arbitrary Code Execution
INFO:root:CVE trial: blazar-dashboard
INFO:root:CVE trial: Security Bypass
INFO:root:CVE trial: sopel-plugins.channelmgnt
INFO:root:CVE trial: Regular Expression Denial of Service (ReDoS)
INFO:root:CVE trial: splunk-sdk
INFO:root:CVE trial: Directory Traversal
INFO:root:CVE trial: xmpp-http-upload
INFO:root:CVE trial: Arbitrary Code Execution
INFO:root:CVE trial: django-cms
INFO:root:CVE trial: Denial of Service (DoS)
INFO:root:CVE trial: cryptoauthlib
INFO:root:CVE trial: Cross-site Scripting (XSS)
INFO:root:CVE trial: django-rest-framework
INFO:root:CVE trial: Information Exposure
INFO:root:CVE trial: apache-superset
INFO:root:CVE trial: HTTP Header Injection
INFO:root:CVE trial: urllib3
INFO:root:CVE trial: Denial of Service (DoS)
INFO:root:CVE trial: tensorflow-gpu
INFO:root:CVE trial: Denial of Service (DoS)
INFO:root:CVE trial: tensorflow-cpu
INFO:root:CVE trial: Denial of Service (DoS)
INFO:root:CVE trial: tensorflow
INFO:root:CVE trial: Heap-based Buffer Overflow
INFO:root:CVE trial: tensorflow-gpu
INFO:root:CVE trial: Heap-based Buffer Overflow
INFO:root:CVE trial: tensorflow-cpu
INFO:root:CVE trial: Heap-based Buffer Overflow
INFO:root:CVE trial: tensorflow
INFO:root:CVE trial: Heap-based Buffer Overflow
INFO:root:CVE trial: tensorflow-gpu
INFO:root:CVE trial: Heap-based Buffer Overflow
INFO:root:CVE trial: tensorflow-cpu
INFO:root:CVE trial: Heap-based Buffer Overflow
INFO:root:CVE trial: tensorflow
INFO:root:CVE trial: Heap-based Buffer Overflow
INFO:root:CVE trial: tensorflow-gpu
INFO:root:CVE trial: Heap-based Buffer Overflow
INFO:root:CVE trial: tensorflow-cpu
INFO:root:CVE trial: Heap-based Buffer Overflow
INFO:root:CVE trial: tensorflow
INFO:root:CVE trial: NULL Pointer Dereference
INFO:root:CVE trial: tensorflow-gpu
INFO:root:CVE trial: NULL Pointer Dereference
INFO:root:CVE trial: tensorflow-cpu
INFO:root:CVE trial: NULL Pointer Dereference
INFO:root:CVE trial: tensorflow
INFO:root:CVE trial: Improper Input Validation
INFO:root:CVE trial: tensorflow
INFO:root:CVE trial: Heap-based Buffer Overflow
INFO:root:CVE trial: tensorflow-gpu
INFO:root:CVE trial: Heap-based Buffer Overflow
INFO:root:CVE trial: tensorflow-cpu
INFO:root:CVE trial: Next
INFO:root:CVE trial: 
INFO:root:CVE trial: 
INFO:root:CVE trial: 
INFO:root:CVE trial: 
INFO:root:CVE trial: 
INFO:root:CVE trial: 
INFO:root:CVE trial: Sign up for free
INFO:root:CVE trial: Partners
INFO:root:CVE trial: Features
INFO:root:CVE trial: Pricing
INFO:root:CVE trial: Test with Github
INFO:root:CVE trial: Test with CLI
INFO:root:CVE trial: API Status
INFO:root:CVE trial: Vulnerability DB
INFO:root:CVE trial: Blog
INFO:root:CVE trial: Documentation
INFO:root:CVE trial: Disclosed Vulnerabilities
INFO:root:CVE trial: FAQs
INFO:root:CVE trial: About
INFO:root:CVE trial: Jobs
INFO:root:CVE trial: Contact
INFO:root:CVE trial: Policies
INFO:root:CVE trial: Press Kit
INFO:root:CVE trial: Events
INFO:root:CVE trial: Support
INFO:root:CVE trial: Report a new vuln
INFO:root:CVE trial: 
INFO:root:CVE trial: 
INFO:root:CVE trial: 
INFO:root:CVE trial: 
INFO:root:CVE trial: 
INFO:root:CVE trial: 
INFO:root:Tot vulns: 1
INFO:root:First vuln: ['M', 'Cross-site Scripting (XSS)', 'https://snyk.io/vuln/SNYK-PYTHON-MATRIXSYNAPSE-1019356', 'matrix-synapse', '[,1.21.0)', '', '', '', '', '', '', '', '', '']
INFO:root:CVE trial: Snyk - Open Source Security
INFO:root:CVE trial: Test
INFO:root:CVE trial: Features
INFO:root:CVE trial: Snyk for Developers & DevOps
                        Find out of all the great features for developers and devops
INFO:root:CVE trial: Snyk for Enterprise
                        Find out of all the great features for Enterprise
INFO:root:CVE trial: Container Vulnerability Management
                        Find and fix Docker image vulnerabilities
INFO:root:CVE trial: Vulnerability DB
INFO:root:CVE trial: Blog
INFO:root:CVE trial: Partners
INFO:root:CVE trial: Pricing
INFO:root:CVE trial: Docs
INFO:root:CVE trial: About
INFO:root:CVE trial: Log In
INFO:root:CVE trial: Sign Up
INFO:root:CVE trial: 
INFO:root:CVE trial: Test
INFO:root:CVE trial: Features
INFO:root:CVE trial: Snyk for Developers & DevOps
                          Find out of all the great features for developers and devops
INFO:root:CVE trial: Snyk for Enterprise
                          Find out of all the great features for Enterprise
INFO:root:CVE trial: Container Vulnerability Management
                          Find and fix Docker image vulnerabilities
INFO:root:CVE trial: Vulnerability DB
INFO:root:CVE trial: Blog
INFO:root:CVE trial: Partners
INFO:root:CVE trial: Pricing
INFO:root:CVE trial: Docs
INFO:root:CVE trial: About
INFO:root:CVE trial: Log In
INFO:root:CVE trial: Sign Up
INFO:root:CVE trial: Vulnerability DB
INFO:root:CVE trial: pip
INFO:root:CVE trial: tensorflow-gpu
INFO:root:CVE trial: Report new vulnerabilities
INFO:root:CVE trial: Test your applications
INFO:root:CVE trial: tensorflow-gpu
INFO:root:CVE trial: commons-fileupload:commons-fileupload
INFO:root:CVE trial: npm ws package
INFO:root:CVE trial: GitHub Commit
INFO:root:CVE trial: GitHub Issue
INFO:root:CVE trial: CVE-2020-15266
INFO:root:Tot vulns: 1
INFO:root:First vuln: ['H', 'Denial of Service (DoS)', 'https://snyk.io/vuln/SNYK-PYTHON-TENSORFLOWGPU-1020815', 'tensorflow-gpu', '[,2.4.0)', 'CVE-2020-15266', '', 'https://github.com/tensorflow/tensorflow/pull/42143/commits/3ade2efec2e90c6237de32a19680caaa3ebc2845', '', '', '', '', 'https://github.com/tensorflow/tensorflow/issues/42129', '']
INFO:root:Tot vulns: 1
INFO:root:First vuln: ['H', 'Denial of Service (DoS)', 'https://snyk.io/vuln/SNYK-PYTHON-TENSORFLOWGPU-1020815', 'tensorflow-gpu', '[,2.4.0)', 'CVE-2020-15266', '', 'https://github.com/tensorflow/tensorflow/pull/42143/commits/3ade2efec2e90c6237de32a19680caaa3ebc2845', '', '', '', '', 'https://github.com/tensorflow/tensorflow/issues/42129', '']
INFO:root:Tot vulns: 30
INFO:root:First vuln: ['H', 'Denial of Service (DoS)', 'https://snyk.io/vuln/SNYK-PYTHON-TENSORFLOWGPU-1020815', 'tensorflow-gpu', '[,2.4.0)', 'CVE-2020-15266', '', 'https://github.com/tensorflow/tensorflow/pull/42143/commits/3ade2efec2e90c6237de32a19680caaa3ebc2845', '', '', '', '', 'https://github.com/tensorflow/tensorflow/issues/42129', '']
INFO:root:Tot vulns: 30
INFO:root:First vuln: ['H', 'Denial of Service (DoS)', 'https://snyk.io/vuln/SNYK-PYTHON-TENSORFLOWGPU-1020815', 'tensorflow-gpu', '[,2.4.0)', 'CVE-2020-15266', '', 'https://github.com/tensorflow/tensorflow/pull/42143/commits/3ade2efec2e90c6237de32a19680caaa3ebc2845', '', '', '', '', 'https://github.com/tensorflow/tensorflow/issues/42129', '']
INFO:root:Tot vulns: 30
INFO:root:Tot vulns: 1276
INFO:root:Tot vulns: 1276, Tot packages: 564, Complete rows: 43
INFO:root:Not empty cells: [1276, 1276, 1276, 1276, 1276, 941, 98, 438, 61]
INFO:root:-------------------------------------------------------------------------------------------------------------
INFO:root:Tot vulns: 1276, Tot packages: 564, Complete rows: 0
INFO:root:Not empty cells: [941, 98, 438, 61, 3, 14, 182, 195, 343]
INFO:root:-------------------------------------------------------------------------------------------------------------
INFO:root:Matching vulns: 729, Matching packages: 232
INFO:root:Matching vulns: 729, Matching packages: 232, First matching package: tensorflow-gpu
INFO:root:Matching vulns: 729, Matching packages: 232
INFO:root:Packages: 1106
INFO:root:Packages: 1106, Vulns: 12120
INFO:root:acqusition
INFO:root:Packages: 1105, Vulns: 12120
INFO:root:a
INFO:root:Packages: 1105, Vulns: 12120
INFO:root:[{'advisory': 'acqusition is a package affected by pytosquatting: http://www.nbu.gov.sk/skcsirt-sa-20170909-pypi/', 'cve': None, 'id': 'pyup.io-34978', 'specs': ['>0', '<0'], 'v': '>0,<0'}]
INFO:root:Packages: 1105, Vulns: 12120
INFO:root:[{'advisory': 'acqusition is a package affected by pytosquatting: http://www.nbu.gov.sk/skcsirt-sa-20170909-pypi/', 'cve': None, 'id': 'pyup.io-34978', 'specs': ['>0', '<0'], 'v': '>0,<0'}]
INFO:root:Packages: 1105, Vulns: 1911
INFO:root:advisory
INFO:root:cve
INFO:root:id
INFO:root:specs
INFO:root:v
INFO:root:Packages: 1105, Vulns: 1911
INFO:root:Packages: 51, Vulns: 87
INFO:root:Packages: 1105, Vulns: 1911
INFO:root:v
INFO:root:v
INFO:root:v
INFO:root:v
INFO:root:v
INFO:root:v
INFO:root:v
INFO:root:v
INFO:root:v
INFO:root:v
INFO:root:v
INFO:root:v
INFO:root:Packages: 11, Vulns: 14
INFO:root:Packages: 1105, Vulns: 1911
INFO:root:Packages: 1105, Vulns: 1911, CVE: 1909
INFO:root:Packages: 1105, Vulns: 1911, CVE: 588
INFO:root:Matching vulns: 729, Matching packages: 729
INFO:root:Matching vulns: 729, Matching packages: 232
INFO:root:Matching vulns: 729, Matching packages: 232
INFO:root:Commit packages: 117
INFO:root:First name: aiohttp, First dir: aiohttp
INFO:root:First name: aiohttp, First dir: aiohttp
INFO:root:First name: aiohttp-session, First dir: aiohttp
INFO:root:First name: aiohttp, First dir: aiohttp
INFO:root:First name: aiohttp-session, First dir: aiohttp
INFO:root:Commits: 234
INFO:root:First commit: ['tensorflow-gpu', 'tensorflow', '3ade2efec2e90c6237de32a19680caaa3ebc2845']
INFO:root:Commit'c07998304b4a31df4c61deddcb03d3607a04691b' is not related to a package
INFO:root:Commits: 234
INFO:root:First commit: ['tensorflow-gpu', 'tensorflow', '3ade2efec2e90c6237de32a19680caaa3ebc2845']
INFO:root:Commit'c07998304b4a31df4c61deddcb03d3607a04691b' is not related to package 'markdown2'
INFO:root:Commits: 234
INFO:root:First commit: ['tensorflow-gpu', 'tensorflow', '3ade2efec2e90c6237de32a19680caaa3ebc2845']
INFO:root:Commit'c07998304b4a31df4c61deddcb03d3607a04691b' is not related to package 'markdown2'
INFO:root:Commits: 234
INFO:root:First commit: ['tensorflow-gpu', 'tensorflow', '3ade2efec2e90c6237de32a19680caaa3ebc2845']
INFO:root:Commit'1b1dcdd727c0ef03453b9f5ef5ae3679f1d72323' is not related to package 'markdown2'
INFO:root:Commits: 234
INFO:root:First commit: ['tensorflow-gpu', 'tensorflow', '3ade2efec2e90c6237de32a19680caaa3ebc2845']
INFO:root:Commits: 235
INFO:root:First commit: ['tensorflow-gpu', 'tensorflow', '3ade2efec2e90c6237de32a19680caaa3ebc2845']
INFO:root:Commit'' is not related to package 'pillow'
INFO:root:Commits: 234
INFO:root:First commit: ['1', 'tensorflow-gpu', 'tensorflow', '3ade2efec2e90c6237de32a19680caaa3ebc2845']
INFO:root:Commit'' is not related to package 'pillow' or is empty
INFO:root:Commits: 234
INFO:root:First commit: ['1', 'tensorflow-gpu', 'tensorflow', '3ade2efec2e90c6237de32a19680caaa3ebc2845']
INFO:root:Total urls: 3708, Different urls: 803, Missing urls: 490, Equal package names: 3506
INFO:root:Total urls: 3708, Different urls: 803, Different useful: 283, Different useless: 520, Missing urls: 490, Equal package names: 3506
INFO:root:Total urls: 3708, Total useless: 3708, Different urls: 803, Different useful: 283, Different useless: 520, Missing urls: 490, Equal package names: 3506
INFO:root:Total urls: 3708, Total useful: 3166, Different urls: 803, Different useful: 283, Different useless: 520, Missing urls: 490, Equal package names: 3506
INFO:root:Rows done: 100
INFO:root:Rows done: 200
INFO:root:Rows done: 300
WARNING:bs4.dammit:Some characters could not be decoded, and were replaced with REPLACEMENT CHARACTER.
INFO:root:Rows done: 400
INFO:root:Rows done: 500
INFO:root:Rows done: 600
WARNING:bs4.dammit:Some characters could not be decoded, and were replaced with REPLACEMENT CHARACTER.
INFO:root:Rows done: 700
INFO:root:Rows done: 800
INFO:root:Rows done: 900
INFO:root:Rows done: 1000
INFO:root:Rows done: 1100
INFO:root:Rows done: 1200
INFO:root:Rows done: 1300
INFO:root:Rows done: 1400
INFO:root:Rows done: 1500
WARNING:bs4.dammit:Some characters could not be decoded, and were replaced with REPLACEMENT CHARACTER.
INFO:root:Rows done: 1600
WARNING:bs4.dammit:Some characters could not be decoded, and were replaced with REPLACEMENT CHARACTER.
INFO:root:Rows done: 1700
INFO:root:Rows done: 1800
INFO:root:Rows done: 1900
INFO:root:Rows done: 2000
INFO:root:Rows done: 2100
INFO:root:Rows done: 2200
INFO:root:Rows done: 2300
INFO:root:Rows done: 2400
INFO:root:Rows done: 2500
INFO:root:Rows done: 2600
INFO:root:Rows done: 2700
INFO:root:Rows done: 2800
INFO:root:Rows done: 2900
INFO:root:Rows done: 3000
INFO:root:Rows done: 3100
INFO:root:Rows done: 3200
INFO:root:Rows done: 3300
INFO:root:Rows done: 3400
INFO:root:Rows done: 3500
INFO:root:Rows done: 3600
INFO:root:Rows done: 3700
INFO:root:Total packages: 3708, Total useful: 3166, Different useful: 0, Different useless: 3708, Different EMPTY useful: 0, Different EMPTY useless: 642
INFO:root:Total packages: 3707, Total useful: 3166, Total useless: 542, Different useful: 282, Different useless: 542, Different EMPTY useful: 165, Different EMPTY useless: 477
INFO:root:Total packages: 3708, Total useful: 3166, Total useless: 542, Different useful: 282, Different useless: 542, Different EMPTY useful: 165, Different EMPTY useless: 477
INFO:root:Total packages: 3708, Total useful: 3166, Total useless: 542, Different useful: 282, Different useless: 542, Different EMPTY useful: 165, Different EMPTY useless: 477
INFO:root:Total packages: 3708, Total useful: 3166, Total useless: 542, Different useful: 282, Different useless: 542, Different EMPTY useful: 165, Different EMPTY useless: 477
INFO:root:Total packages: 3708, Total useful: 3166, Total useless: 542, Different useful: 210, Different useless: 541, Different EMPTY useful: 165, Different EMPTY useless: 477
